<?xml version="1.0" encoding="UTF-8"?>
<!-- Generated by org.testng.reporters.JUnitXMLReporter -->
<testsuite ignored="0" hostname="DESKTOP-904E5RJ" failures="3" tests="4" name="Ecommerce Flows" time="119.888" errors="0" timestamp="2025-12-11T15:14:36 CET">
  <testcase classname="com.ecommerce.tests.EcommerceFlowTest" name="addProductToCart" time="0.069">
    <failure type="org.openqa.selenium.NoSuchElementException" message="Could not find search input element with any of the tried selectors
For documentation on this error, please visit: https://www.selenium.dev/documentation/webdriver/troubleshooting/errors#no-such-element-exception
Build info: version: &amp;apos;4.25.0&amp;apos;, revision: &amp;apos;8a8aea2337&amp;apos;
System info: os.name: &amp;apos;Windows 10&amp;apos;, os.arch: &amp;apos;amd64&amp;apos;, os.version: &amp;apos;10.0&amp;apos;, java.version: &amp;apos;25.0.1&amp;apos;
Driver info: driver.version: unknown">
      <![CDATA[org.openqa.selenium.NoSuchElementException: Could not find search input element with any of the tried selectors
For documentation on this error, please visit: https://www.selenium.dev/documentation/webdriver/troubleshooting/errors#no-such-element-exception
Build info: version: '4.25.0', revision: '8a8aea2337'
System info: os.name: 'Windows 10', os.arch: 'amd64', os.version: '10.0', java.version: '25.0.1'
Driver info: driver.version: unknown
at com.ecommerce.pages.HomePage.findSearchInputElement(HomePage.java:45)
at com.ecommerce.pages.HomePage.search(HomePage.java:59)
at com.ecommerce.tests.EcommerceFlowTest.addProductToCart(EcommerceFlowTest.java:34)
at java.base/java.util.ArrayList.forEach(ArrayList.java:1604)
... Removed 29 stack frames]]>
    </failure>
  </testcase> <!-- addProductToCart -->
  <testcase classname="com.ecommerce.tests.EcommerceFlowTest" name="navigationBetweenMainSections" time="0.048">
    <failure type="java.lang.AssertionError" message="La page d&amp;apos;accueil n&amp;apos;est pas chargée. expected [true] but found [false]">
      <![CDATA[java.lang.AssertionError: La page d'accueil n'est pas chargée. expected [true] but found [false]
at com.ecommerce.tests.EcommerceFlowTest.navigationBetweenMainSections(EcommerceFlowTest.java:12)
at java.base/java.util.ArrayList.forEach(ArrayList.java:1604)
... Removed 32 stack frames]]>
    </failure>
  </testcase> <!-- navigationBetweenMainSections -->
  <testcase classname="com.ecommerce.tests.EcommerceFlowTest" name="searchProduct" time="0.041">
    <failure type="java.lang.AssertionError" message="La page d&amp;apos;accueil n&amp;apos;est pas chargée. expected [true] but found [false]">
      <![CDATA[java.lang.AssertionError: La page d'accueil n'est pas chargée. expected [true] but found [false]
at com.ecommerce.tests.EcommerceFlowTest.searchProduct(EcommerceFlowTest.java:25)
at java.base/java.util.ArrayList.forEach(ArrayList.java:1604)
... Removed 32 stack frames]]>
    </failure>
  </testcase> <!-- searchProduct -->
  <testcase classname="com.ecommerce.tests.EcommerceFlowTest" name="guestCheckoutFlow" time="0.0">
    <skipped/>
  </testcase> <!-- guestCheckoutFlow -->
</testsuite> <!-- Ecommerce Flows -->
